<?xml version="1.0" encoding="UTF-8"?>
<Site BuildName="Win32-MSBuild"
	BuildStamp="20250131-0903-Experimental"
	Name="HOME-PC"
	Generator="ctest-3.31.5"
	CompilerName="L:/VS/App/VC/Tools/MSVC/14.42.34433/bin/Hostx64/x64/cl.exe"
	CompilerVersion="19.42.34436.0"
	OSName="Windows"
	Hostname="HOME-PC"
	OSRelease=" Professional"
	OSVersion=" (Build 22621)"
	OSPlatform="AMD64"
	Is64Bits="1"
	VendorString="AuthenticAMD"
	VendorID="Advanced Micro Devices"
	FamilyID="15"
	ModelID="1"
	ModelName="AMD Ryzen 5 3600 6-Core Processor              "
	ProcessorCacheSize="64"
	NumberOfLogicalCPU="12"
	NumberOfPhysicalCPU="6"
	TotalVirtualMemory="19280"
	TotalPhysicalMemory="16336"
	LogicalProcessorsPerPhysical="2"
	ProcessorClockFrequency="3593"
	>
	<Testing>
		<StartDateTime>Jan 31 12:03 Russia TZ 2 Standard Time</StartDateTime>
		<StartTestTime>1738314209</StartTestTime>
		<TestList/>
		<EndDateTime>Jan 31 12:03 Russia TZ 2 Standard Time</EndDateTime>
		<EndTestTime>1738314209</EndTestTime>
		<ElapsedMinutes>0</ElapsedMinutes>
	</Testing>
</Site>
